<?xml version="1.0" encoding="UTF-8"?>
<!-- Generated by org.testng.reporters.JUnitXMLReporter -->
<testsuite hostname="INLaptop140.local" name="Test" tests="1" failures="1" timestamp="29 May 2020 17:56:08 GMT" time="4.712" errors="0">
  <testcase name="Zoopla_Landing_Page_Search" time="0.014" classname="com.galenframework.java.sample.tests.ZooplaHomePageTest">
    <failure type="org.openqa.selenium.WebDriverException" message="Returned value cannot be converted to WebElement: {stacktrace=0   chromedriver                        0x00000001026a1269 chromedriver + 4674153
1   chromedriver                        0x000000010263b593 chromedriver + 4257171
2   chromedriver                        0x00000001022e4e22 chromedriver + 757282
3   chromedriver                        0x0000000102246a6c chromedriver + 109164
4   chromedriver                        0x000000010226d2cc chromedriver + 266956
5   chromedriver                        0x000000010226b6d4 chromedriver + 259796
6   chromedriver                        0x000000010226af57 chromedriver + 257879
7   chromedriver                        0x0000000102231549 chromedriver + 21833
8   chromedriver                        0x0000000102662fff chromedriver + 4419583
9   chromedriver                        0x00000001026707ba chromedriver + 4474810
10  chromedriver                        0x0000000102670557 chromedriver + 4474199
11  chromedriver                        0x0000000102647149 chromedriver + 4305225
12  chromedriver                        0x0000000102671067 chromedriver + 4477031
13  chromedriver                        0x0000000102658d87 chromedriver + 4377991
14  chromedriver                        0x000000010222effb chromedriver + 12283
15  libdyld.dylib                       0x00007fff67b3a3d5 start + 1
16  ???                                 0x0000000000000002 0x0 + 2
, error=invalid session id, message=invalid session id}
Build info: version: &amp;apos;3.0.0&amp;apos;, revision: &amp;apos;350cf60&amp;apos;, time: &amp;apos;2016-10-13 10:48:57 -0700&amp;apos;
System info: host: &amp;apos;INLaptop140.local&amp;apos;, ip: &amp;apos;192.168.1.9&amp;apos;, os.name: &amp;apos;Mac OS X&amp;apos;, os.arch: &amp;apos;x86_64&amp;apos;, os.version: &amp;apos;10.14.6&amp;apos;, java.version: &amp;apos;1.8.0_191&amp;apos;
Driver info: driver.version: RemoteWebDriver">
      <![CDATA[org.openqa.selenium.WebDriverException: Returned value cannot be converted to WebElement: {stacktrace=0   chromedriver                        0x00000001026a1269 chromedriver + 4674153
1   chromedriver                        0x000000010263b593 chromedriver + 4257171
2   chromedriver                        0x00000001022e4e22 chromedriver + 757282
3   chromedriver                        0x0000000102246a6c chromedriver + 109164
4   chromedriver                        0x000000010226d2cc chromedriver + 266956
5   chromedriver                        0x000000010226b6d4 chromedriver + 259796
6   chromedriver                        0x000000010226af57 chromedriver + 257879
7   chromedriver                        0x0000000102231549 chromedriver + 21833
8   chromedriver                        0x0000000102662fff chromedriver + 4419583
9   chromedriver                        0x00000001026707ba chromedriver + 4474810
10  chromedriver                        0x0000000102670557 chromedriver + 4474199
11  chromedriver                        0x0000000102647149 chromedriver + 4305225
12  chromedriver                        0x0000000102671067 chromedriver + 4477031
13  chromedriver                        0x0000000102658d87 chromedriver + 4377991
14  chromedriver                        0x000000010222effb chromedriver + 12283
15  libdyld.dylib                       0x00007fff67b3a3d5 start + 1
16  ???                                 0x0000000000000002 0x0 + 2
, error=invalid session id, message=invalid session id}
Build info: version: '3.0.0', revision: '350cf60', time: '2016-10-13 10:48:57 -0700'
System info: host: 'INLaptop140.local', ip: '192.168.1.9', os.name: 'Mac OS X', os.arch: 'x86_64', os.version: '10.14.6', java.version: '1.8.0_191'
Driver info: driver.version: RemoteWebDriver
	at org.openqa.selenium.remote.RemoteWebDriver.findElement(RemoteWebDriver.java:375)
	at org.openqa.selenium.remote.RemoteWebDriver.findElementByXPath(RemoteWebDriver.java:473)
	at org.openqa.selenium.By$ByXPath.findElement(By.java:361)
	at org.openqa.selenium.remote.RemoteWebDriver.findElement(RemoteWebDriver.java:360)
	at com.galenframework.java.sample.tests.ZooplaHomePageTest.Zoopla_Landing_Page_Search(ZooplaHomePageTest.java:97)
Caused by: java.lang.ClassCastException: com.google.common.collect.Maps$TransformedEntriesMap cannot be cast to org.openqa.selenium.WebElement
	at org.openqa.selenium.remote.RemoteWebDriver.findElement(RemoteWebDriver.java:373)
	... 28 more
... Removed 24 stack frames]]>
    </failure>
  </testcase> <!-- Zoopla_Landing_Page_Search -->
</testsuite> <!-- Test -->
