<?xml version="1.0" encoding="UTF-8"?>
<!-- Generated by org.testng.reporters.JUnitReportReporter -->
<testsuite hostname="INLaptop140.local" name="com.galenframework.java.sample.tests.ZooplaHomePageTest" tests="1" failures="1" timestamp="29 May 2020 17:56:26 GMT" time="4.539" errors="0">
  <testcase name="Zoopla_Landing_Page_Search" time="4.539" classname="com.galenframework.java.sample.tests.ZooplaHomePageTest">
    <failure type="org.openqa.selenium.WebDriverException" message="Returned value cannot be converted to WebElement: {stacktrace=0   chromedriver                        0x00000001012da269 chromedriver + 4674153
1   chromedriver                        0x0000000101274593 chromedriver + 4257171
2   chromedriver                        0x0000000100f1de22 chromedriver + 757282
3   chromedriver                        0x0000000100e7fa6c chromedriver + 109164
4   chromedriver                        0x0000000100ea62cc chromedriver + 266956
5   chromedriver                        0x0000000100ea46d4 chromedriver + 259796
6   chromedriver                        0x0000000100ea3f57 chromedriver + 257879
7   chromedriver                        0x0000000100e6a549 chromedriver + 21833
8   chromedriver                        0x000000010129bfff chromedriver + 4419583
9   chromedriver                        0x00000001012a97ba chromedriver + 4474810
10  chromedriver                        0x00000001012a9557 chromedriver + 4474199
11  chromedriver                        0x0000000101280149 chromedriver + 4305225
12  chromedriver                        0x00000001012aa067 chromedriver + 4477031
13  chromedriver                        0x0000000101291d87 chromedriver + 4377991
14  chromedriver                        0x0000000100e67ffb chromedriver + 12283
15  libdyld.dylib                       0x00007fff67b3a3d5 start + 1
16  ???                                 0x0000000000000002 0x0 + 2
, error=invalid session id, message=invalid session id}
Build info: version: &#039;3.0.0&#039;, revision: &#039;350cf60&#039;, time: &#039;2016-10-13 10:48:57 -0700&#039;
System info: host: &#039;INLaptop140.local&#039;, ip: &#039;192.168.1.9&#039;, os.name: &#039;Mac OS X&#039;, os.arch: &#039;x86_64&#039;, os.version: &#039;10.14.6&#039;, java.version: &#039;1.8.0_191&#039;
Driver info: driver.version: RemoteWebDriver">
      <![CDATA[org.openqa.selenium.WebDriverException: Returned value cannot be converted to WebElement: {stacktrace=0   chromedriver                        0x00000001012da269 chromedriver + 4674153
1   chromedriver                        0x0000000101274593 chromedriver + 4257171
2   chromedriver                        0x0000000100f1de22 chromedriver + 757282
3   chromedriver                        0x0000000100e7fa6c chromedriver + 109164
4   chromedriver                        0x0000000100ea62cc chromedriver + 266956
5   chromedriver                        0x0000000100ea46d4 chromedriver + 259796
6   chromedriver                        0x0000000100ea3f57 chromedriver + 257879
7   chromedriver                        0x0000000100e6a549 chromedriver + 21833
8   chromedriver                        0x000000010129bfff chromedriver + 4419583
9   chromedriver                        0x00000001012a97ba chromedriver + 4474810
10  chromedriver                        0x00000001012a9557 chromedriver + 4474199
11  chromedriver                        0x0000000101280149 chromedriver + 4305225
12  chromedriver                        0x00000001012aa067 chromedriver + 4477031
13  chromedriver                        0x0000000101291d87 chromedriver + 4377991
14  chromedriver                        0x0000000100e67ffb chromedriver + 12283
15  libdyld.dylib                       0x00007fff67b3a3d5 start + 1
16  ???                                 0x0000000000000002 0x0 + 2
, error=invalid session id, message=invalid session id}
Build info: version: '3.0.0', revision: '350cf60', time: '2016-10-13 10:48:57 -0700'
System info: host: 'INLaptop140.local', ip: '192.168.1.9', os.name: 'Mac OS X', os.arch: 'x86_64', os.version: '10.14.6', java.version: '1.8.0_191'
Driver info: driver.version: RemoteWebDriver
	at org.openqa.selenium.remote.RemoteWebDriver.findElement(RemoteWebDriver.java:375)
	at org.openqa.selenium.remote.RemoteWebDriver.findElementByXPath(RemoteWebDriver.java:473)
	at org.openqa.selenium.By$ByXPath.findElement(By.java:361)
	at org.openqa.selenium.remote.RemoteWebDriver.findElement(RemoteWebDriver.java:360)
	at com.galenframework.java.sample.tests.ZooplaHomePageTest.Zoopla_Landing_Page_Search(ZooplaHomePageTest.java:97)
	at sun.reflect.NativeMethodAccessorImpl.invoke0(Native Method)
	at sun.reflect.NativeMethodAccessorImpl.invoke(NativeMethodAccessorImpl.java:62)
	at sun.reflect.DelegatingMethodAccessorImpl.invoke(DelegatingMethodAccessorImpl.java:43)
	at java.lang.reflect.Method.invoke(Method.java:498)
	at org.testng.internal.MethodInvocationHelper.invokeMethod(MethodInvocationHelper.java:80)
	at org.testng.internal.Invoker.invokeMethod(Invoker.java:715)
	at org.testng.internal.Invoker.invokeTestMethod(Invoker.java:907)
	at org.testng.internal.Invoker.invokeTestMethods(Invoker.java:1237)
	at org.testng.internal.TestMethodWorker.invokeTestMethods(TestMethodWorker.java:127)
	at org.testng.internal.TestMethodWorker.run(TestMethodWorker.java:111)
	at org.testng.TestRunner.privateRun(TestRunner.java:767)
	at org.testng.TestRunner.run(TestRunner.java:617)
	at org.testng.SuiteRunner.runTest(SuiteRunner.java:334)
	at org.testng.SuiteRunner.runSequentially(SuiteRunner.java:329)
	at org.testng.SuiteRunner.privateRun(SuiteRunner.java:291)
	at org.testng.SuiteRunner.run(SuiteRunner.java:240)
	at org.testng.SuiteRunnerWorker.runSuite(SuiteRunnerWorker.java:51)
	at org.testng.SuiteRunnerWorker.run(SuiteRunnerWorker.java:85)
	at org.testng.TestNG.runSuitesSequentially(TestNG.java:1197)
	at org.testng.TestNG.runSuitesLocally(TestNG.java:1122)
	at org.testng.TestNG.run(TestNG.java:1030)
	at org.testng.remote.AbstractRemoteTestNG.run(AbstractRemoteTestNG.java:114)
	at org.testng.remote.RemoteTestNG.initAndRun(RemoteTestNG.java:251)
	at org.testng.remote.RemoteTestNG.main(RemoteTestNG.java:77)
Caused by: java.lang.ClassCastException: com.google.common.collect.Maps$TransformedEntriesMap cannot be cast to org.openqa.selenium.WebElement
	at org.openqa.selenium.remote.RemoteWebDriver.findElement(RemoteWebDriver.java:373)
	... 28 more
]]>
    </failure>
  </testcase> <!-- Zoopla_Landing_Page_Search -->
</testsuite> <!-- com.galenframework.java.sample.tests.ZooplaHomePageTest -->
